<?xml version="1.0" encoding="UTF-8"?>
<!-- Generated by org.testng.reporters.JUnitXMLReporter -->
<testsuite ignored="3" hostname="Mosab" failures="0" tests="1" name="Default test" time="13.456" errors="0" timestamp="2024-11-15T14:32:00 EET">
  <testcase classname="mobileTesting.MyTestCases" name="clickEvenNum" time="13.424"/>
  <testcase classname="mobileTesting.MyTestCases" name="clickAllBtn" time="0.0">
    <ignored/>
  </testcase> <!-- clickAllBtn -->
  <testcase classname="mobileTesting.MyTestCases" name="clickNumBtn" time="0.0">
    <ignored/>
  </testcase> <!-- clickNumBtn -->
  <testcase classname="mobileTesting.MyTestCases" name="addTwoNum" time="0.0">
    <ignored/>
  </testcase> <!-- addTwoNum -->
</testsuite> <!-- Default test -->
