<?xml version="1.0" encoding="UTF-8"?>
<testng-results ignored="3" total="4" passed="1" failed="0" skipped="0">
  <reporter-output>
  </reporter-output>
  <suite started-at="2024-11-15T14:31:46 EET" name="Default suite" finished-at="2024-11-15T14:32:00 EET" duration-ms="13456">
    <groups>
    </groups>
    <test started-at="2024-11-15T14:31:46 EET" name="Default test" finished-at="2024-11-15T14:32:00 EET" duration-ms="13456">
      <class name="mobileTesting.MyTestCases">
        <test-method is-config="true" signature="mySetup()[pri:0, instance:mobileTesting.MyTestCases@1189dd52]" started-at="2024-11-15T14:31:46 EET" name="mySetup" finished-at="2024-11-15T14:31:46 EET" duration-ms="12" status="PASS">
          <reporter-output>
          </reporter-output>
        </test-method> <!-- mySetup -->
        <test-method signature="clickEvenNum()[pri:0, instance:mobileTesting.MyTestCases@1189dd52]" started-at="2024-11-15T14:31:46 EET" name="clickEvenNum" finished-at="2024-11-15T14:32:00 EET" duration-ms="13424" status="PASS">
          <reporter-output>
          </reporter-output>
        </test-method> <!-- clickEvenNum -->
      </class> <!-- mobileTesting.MyTestCases -->
    </test> <!-- Default test -->
  </suite> <!-- Default suite -->
</testng-results>
